[2025-09-01 08:58:45] production.ERROR: Please provide a valid cache path. {"exception":"[object] (InvalidArgumentException(code: 0): Please provide a valid cache path. at C:\\Users\\Windows 10 Pro\\Documents\\work\\New folder\\SIMA\\vendor\\laravel\\framework\\src\\Illuminate\\View\\Compilers\\Compiler.php:67)
[stacktrace]
#0 C:\\Users\\Windows 10 Pro\\Documents\\work\\New folder\\SIMA\\vendor\\laravel\\framework\\src\\Illuminate\\View\\ViewServiceProvider.php(97): Illuminate\\View\\Compilers\\Compiler->__construct(Object(Illuminate\\Filesystem\\Filesystem), false, '', true, 'php')
#1 C:\\Users\\Windows 10 Pro\\Documents\\work\\New folder\\SIMA\\vendor\\laravel\\framework\\src\\Illuminate\\Container\\Container.php(931): Illuminate\\View\\ViewServiceProvider->Illuminate\\View\\{closure}(Object(Illuminate\\Foundation\\Application), Array)
#2 C:\\Users\\Windows 10 Pro\\Documents\\work\\New folder\\SIMA\\vendor\\laravel\\framework\\src\\Illuminate\\Container\\Container.php(815): Illuminate\\Container\\Container->build(Object(Closure))
#3 C:\\Users\\Windows 10 Pro\\Documents\\work\\New folder\\SIMA\\vendor\\laravel\\framework\\src\\Illuminate\\Foundation\\Application.php(1046): Illuminate\\Container\\Container->resolve('blade.compiler', Array, true)
#4 C:\\Users\\Windows 10 Pro\\Documents\\work\\New folder\\SIMA\\vendor\\laravel\\framework\\src\\Illuminate\\Container\\Container.php(751): Illuminate\\Foundation\\Application->resolve('blade.compiler', Array)
#5 C:\\Users\\Windows 10 Pro\\Documents\\work\\New folder\\SIMA\\vendor\\laravel\\framework\\src\\Illuminate\\Foundation\\Application.php(1028): Illuminate\\Container\\Container->make('blade.compiler', Array)
#6 C:\\Users\\Windows 10 Pro\\Documents\\work\\New folder\\SIMA\\vendor\\laravel\\framework\\src\\Illuminate\\Container\\Container.php(1570): Illuminate\\Foundation\\Application->make('blade.compiler')
#7 C:\\Users\\Windows 10 Pro\\Documents\\work\\New folder\\SIMA\\vendor\\laravel\\framework\\src\\Illuminate\\Support\\Facades\\Facade.php(237): Illuminate\\Container\\Container->offsetGet('blade.compiler')
#8 C:\\Users\\Windows 10 Pro\\Documents\\work\\New folder\\SIMA\\vendor\\laravel\\framework\\src\\Illuminate\\Support\\Facades\\Facade.php(208): Illuminate\\Support\\Facades\\Facade::resolveFacadeInstance('blade.compiler')
#9 C:\\Users\\Windows 10 Pro\\Documents\\work\\New folder\\SIMA\\vendor\\laravel\\framework\\src\\Illuminate\\Support\\Facades\\Facade.php(351): Illuminate\\Support\\Facades\\Facade::getFacadeRoot()
#10 C:\\Users\\Windows 10 Pro\\Documents\\work\\New folder\\SIMA\\app\\Providers\\AppServiceProvider.php(24): Illuminate\\Support\\Facades\\Facade::__callStatic('directive', Array)
#11 C:\\Users\\Windows 10 Pro\\Documents\\work\\New folder\\SIMA\\vendor\\laravel\\framework\\src\\Illuminate\\Container\\BoundMethod.php(36): App\\Providers\\AppServiceProvider->boot(Object(Illuminate\\Routing\\UrlGenerator))
#12 C:\\Users\\Windows 10 Pro\\Documents\\work\\New folder\\SIMA\\vendor\\laravel\\framework\\src\\Illuminate\\Container\\Util.php(41): Illuminate\\Container\\BoundMethod::Illuminate\\Container\\{closure}()
#13 C:\\Users\\Windows 10 Pro\\Documents\\work\\New folder\\SIMA\\vendor\\laravel\\framework\\src\\Illuminate\\Container\\BoundMethod.php(93): Illuminate\\Container\\Util::unwrapIfClosure(Object(Closure))
#14 C:\\Users\\Windows 10 Pro\\Documents\\work\\New folder\\SIMA\\vendor\\laravel\\framework\\src\\Illuminate\\Container\\BoundMethod.php(35): Illuminate\\Container\\BoundMethod::callBoundMethod(Object(Illuminate\\Foundation\\Application), Array, Object(Closure))
#15 C:\\Users\\Windows 10 Pro\\Documents\\work\\New folder\\SIMA\\vendor\\laravel\\framework\\src\\Illuminate\\Container\\Container.php(690): Illuminate\\Container\\BoundMethod::call(Object(Illuminate\\Foundation\\Application), Array, Array, NULL)
#16 C:\\Users\\Windows 10 Pro\\Documents\\work\\New folder\\SIMA\\vendor\\laravel\\framework\\src\\Illuminate\\Foundation\\Application.php(1119): Illuminate\\Container\\Container->call(Array)
#17 C:\\Users\\Windows 10 Pro\\Documents\\work\\New folder\\SIMA\\vendor\\laravel\\framework\\src\\Illuminate\\Foundation\\Application.php(1100): Illuminate\\Foundation\\Application->bootProvider(Object(App\\Providers\\AppServiceProvider))
#18 [internal function]: Illuminate\\Foundation\\Application->Illuminate\\Foundation\\{closure}(Object(App\\Providers\\AppServiceProvider), 'App\\\\Providers\\\\A...')
#19 C:\\Users\\Windows 10 Pro\\Documents\\work\\New folder\\SIMA\\vendor\\laravel\\framework\\src\\Illuminate\\Foundation\\Application.php(1099): array_walk(Array, Object(Closure))
#20 C:\\Users\\Windows 10 Pro\\Documents\\work\\New folder\\SIMA\\vendor\\laravel\\framework\\src\\Illuminate\\Foundation\\Bootstrap\\BootProviders.php(17): Illuminate\\Foundation\\Application->boot()
#21 C:\\Users\\Windows 10 Pro\\Documents\\work\\New folder\\SIMA\\vendor\\laravel\\framework\\src\\Illuminate\\Foundation\\Application.php(316): Illuminate\\Foundation\\Bootstrap\\BootProviders->bootstrap(Object(Illuminate\\Foundation\\Application))
#22 C:\\Users\\Windows 10 Pro\\Documents\\work\\New folder\\SIMA\\vendor\\laravel\\framework\\src\\Illuminate\\Foundation\\Console\\Kernel.php(473): Illuminate\\Foundation\\Application->bootstrapWith(Array)
#23 C:\\Users\\Windows 10 Pro\\Documents\\work\\New folder\\SIMA\\vendor\\laravel\\framework\\src\\Illuminate\\Foundation\\Console\\Kernel.php(195): Illuminate\\Foundation\\Console\\Kernel->bootstrap()
#24 C:\\Users\\Windows 10 Pro\\Documents\\work\\New folder\\SIMA\\vendor\\laravel\\framework\\src\\Illuminate\\Foundation\\Application.php(1203): Illuminate\\Foundation\\Console\\Kernel->handle(Object(Symfony\\Component\\Console\\Input\\ArgvInput), Object(Symfony\\Component\\Console\\Output\\ConsoleOutput))
#25 C:\\Users\\Windows 10 Pro\\Documents\\work\\New folder\\SIMA\\artisan(13): Illuminate\\Foundation\\Application->handleCommand(Object(Symfony\\Component\\Console\\Input\\ArgvInput))
#26 {main}
"} 
[2025-09-01 09:00:13] local.ERROR: Please provide a valid cache path. {"exception":"[object] (InvalidArgumentException(code: 0): Please provide a valid cache path. at C:\\Users\\Windows 10 Pro\\Documents\\work\\New folder\\SIMA\\vendor\\laravel\\framework\\src\\Illuminate\\View\\Compilers\\Compiler.php:67)
[stacktrace]
#0 C:\\Users\\Windows 10 Pro\\Documents\\work\\New folder\\SIMA\\vendor\\laravel\\framework\\src\\Illuminate\\View\\ViewServiceProvider.php(97): Illuminate\\View\\Compilers\\Compiler->__construct(Object(Illuminate\\Filesystem\\Filesystem), false, '', true, 'php')
#1 C:\\Users\\Windows 10 Pro\\Documents\\work\\New folder\\SIMA\\vendor\\laravel\\framework\\src\\Illuminate\\Container\\Container.php(931): Illuminate\\View\\ViewServiceProvider->Illuminate\\View\\{closure}(Object(Illuminate\\Foundation\\Application), Array)
#2 C:\\Users\\Windows 10 Pro\\Documents\\work\\New folder\\SIMA\\vendor\\laravel\\framework\\src\\Illuminate\\Container\\Container.php(815): Illuminate\\Container\\Container->build(Object(Closure))
#3 C:\\Users\\Windows 10 Pro\\Documents\\work\\New folder\\SIMA\\vendor\\laravel\\framework\\src\\Illuminate\\Foundation\\Application.php(1046): Illuminate\\Container\\Container->resolve('blade.compiler', Array, true)
#4 C:\\Users\\Windows 10 Pro\\Documents\\work\\New folder\\SIMA\\vendor\\laravel\\framework\\src\\Illuminate\\Container\\Container.php(751): Illuminate\\Foundation\\Application->resolve('blade.compiler', Array)
#5 C:\\Users\\Windows 10 Pro\\Documents\\work\\New folder\\SIMA\\vendor\\laravel\\framework\\src\\Illuminate\\Foundation\\Application.php(1028): Illuminate\\Container\\Container->make('blade.compiler', Array)
#6 C:\\Users\\Windows 10 Pro\\Documents\\work\\New folder\\SIMA\\vendor\\laravel\\framework\\src\\Illuminate\\Container\\Container.php(1570): Illuminate\\Foundation\\Application->make('blade.compiler')
#7 C:\\Users\\Windows 10 Pro\\Documents\\work\\New folder\\SIMA\\vendor\\laravel\\framework\\src\\Illuminate\\Support\\Facades\\Facade.php(237): Illuminate\\Container\\Container->offsetGet('blade.compiler')
#8 C:\\Users\\Windows 10 Pro\\Documents\\work\\New folder\\SIMA\\vendor\\laravel\\framework\\src\\Illuminate\\Support\\Facades\\Facade.php(208): Illuminate\\Support\\Facades\\Facade::resolveFacadeInstance('blade.compiler')
#9 C:\\Users\\Windows 10 Pro\\Documents\\work\\New folder\\SIMA\\vendor\\laravel\\framework\\src\\Illuminate\\Support\\Facades\\Facade.php(351): Illuminate\\Support\\Facades\\Facade::getFacadeRoot()
#10 C:\\Users\\Windows 10 Pro\\Documents\\work\\New folder\\SIMA\\app\\Providers\\AppServiceProvider.php(24): Illuminate\\Support\\Facades\\Facade::__callStatic('directive', Array)
#11 C:\\Users\\Windows 10 Pro\\Documents\\work\\New folder\\SIMA\\vendor\\laravel\\framework\\src\\Illuminate\\Container\\BoundMethod.php(36): App\\Providers\\AppServiceProvider->boot(Object(Illuminate\\Routing\\UrlGenerator))
#12 C:\\Users\\Windows 10 Pro\\Documents\\work\\New folder\\SIMA\\vendor\\laravel\\framework\\src\\Illuminate\\Container\\Util.php(41): Illuminate\\Container\\BoundMethod::Illuminate\\Container\\{closure}()
#13 C:\\Users\\Windows 10 Pro\\Documents\\work\\New folder\\SIMA\\vendor\\laravel\\framework\\src\\Illuminate\\Container\\BoundMethod.php(93): Illuminate\\Container\\Util::unwrapIfClosure(Object(Closure))
#14 C:\\Users\\Windows 10 Pro\\Documents\\work\\New folder\\SIMA\\vendor\\laravel\\framework\\src\\Illuminate\\Container\\BoundMethod.php(35): Illuminate\\Container\\BoundMethod::callBoundMethod(Object(Illuminate\\Foundation\\Application), Array, Object(Closure))
#15 C:\\Users\\Windows 10 Pro\\Documents\\work\\New folder\\SIMA\\vendor\\laravel\\framework\\src\\Illuminate\\Container\\Container.php(690): Illuminate\\Container\\BoundMethod::call(Object(Illuminate\\Foundation\\Application), Array, Array, NULL)
#16 C:\\Users\\Windows 10 Pro\\Documents\\work\\New folder\\SIMA\\vendor\\laravel\\framework\\src\\Illuminate\\Foundation\\Application.php(1119): Illuminate\\Container\\Container->call(Array)
#17 C:\\Users\\Windows 10 Pro\\Documents\\work\\New folder\\SIMA\\vendor\\laravel\\framework\\src\\Illuminate\\Foundation\\Application.php(1100): Illuminate\\Foundation\\Application->bootProvider(Object(App\\Providers\\AppServiceProvider))
#18 [internal function]: Illuminate\\Foundation\\Application->Illuminate\\Foundation\\{closure}(Object(App\\Providers\\AppServiceProvider), 'App\\\\Providers\\\\A...')
#19 C:\\Users\\Windows 10 Pro\\Documents\\work\\New folder\\SIMA\\vendor\\laravel\\framework\\src\\Illuminate\\Foundation\\Application.php(1099): array_walk(Array, Object(Closure))
#20 C:\\Users\\Windows 10 Pro\\Documents\\work\\New folder\\SIMA\\vendor\\laravel\\framework\\src\\Illuminate\\Foundation\\Bootstrap\\BootProviders.php(17): Illuminate\\Foundation\\Application->boot()
#21 C:\\Users\\Windows 10 Pro\\Documents\\work\\New folder\\SIMA\\vendor\\laravel\\framework\\src\\Illuminate\\Foundation\\Application.php(316): Illuminate\\Foundation\\Bootstrap\\BootProviders->bootstrap(Object(Illuminate\\Foundation\\Application))
#22 C:\\Users\\Windows 10 Pro\\Documents\\work\\New folder\\SIMA\\vendor\\laravel\\framework\\src\\Illuminate\\Foundation\\Console\\Kernel.php(473): Illuminate\\Foundation\\Application->bootstrapWith(Array)
#23 C:\\Users\\Windows 10 Pro\\Documents\\work\\New folder\\SIMA\\vendor\\laravel\\framework\\src\\Illuminate\\Foundation\\Console\\Kernel.php(195): Illuminate\\Foundation\\Console\\Kernel->bootstrap()
#24 C:\\Users\\Windows 10 Pro\\Documents\\work\\New folder\\SIMA\\vendor\\laravel\\framework\\src\\Illuminate\\Foundation\\Application.php(1203): Illuminate\\Foundation\\Console\\Kernel->handle(Object(Symfony\\Component\\Console\\Input\\ArgvInput), Object(Symfony\\Component\\Console\\Output\\ConsoleOutput))
#25 C:\\Users\\Windows 10 Pro\\Documents\\work\\New folder\\SIMA\\artisan(13): Illuminate\\Foundation\\Application->handleCommand(Object(Symfony\\Component\\Console\\Input\\ArgvInput))
#26 {main}
"} 
[2025-09-01 09:00:28] local.ERROR: Please provide a valid cache path. {"exception":"[object] (InvalidArgumentException(code: 0): Please provide a valid cache path. at C:\\Users\\Windows 10 Pro\\Documents\\work\\New folder\\SIMA\\vendor\\laravel\\framework\\src\\Illuminate\\View\\Compilers\\Compiler.php:67)
[stacktrace]
#0 C:\\Users\\Windows 10 Pro\\Documents\\work\\New folder\\SIMA\\vendor\\laravel\\framework\\src\\Illuminate\\View\\ViewServiceProvider.php(97): Illuminate\\View\\Compilers\\Compiler->__construct(Object(Illuminate\\Filesystem\\Filesystem), false, '', true, 'php')
#1 C:\\Users\\Windows 10 Pro\\Documents\\work\\New folder\\SIMA\\vendor\\laravel\\framework\\src\\Illuminate\\Container\\Container.php(931): Illuminate\\View\\ViewServiceProvider->Illuminate\\View\\{closure}(Object(Illuminate\\Foundation\\Application), Array)
#2 C:\\Users\\Windows 10 Pro\\Documents\\work\\New folder\\SIMA\\vendor\\laravel\\framework\\src\\Illuminate\\Container\\Container.php(815): Illuminate\\Container\\Container->build(Object(Closure))
#3 C:\\Users\\Windows 10 Pro\\Documents\\work\\New folder\\SIMA\\vendor\\laravel\\framework\\src\\Illuminate\\Foundation\\Application.php(1046): Illuminate\\Container\\Container->resolve('blade.compiler', Array, true)
#4 C:\\Users\\Windows 10 Pro\\Documents\\work\\New folder\\SIMA\\vendor\\laravel\\framework\\src\\Illuminate\\Container\\Container.php(751): Illuminate\\Foundation\\Application->resolve('blade.compiler', Array)
#5 C:\\Users\\Windows 10 Pro\\Documents\\work\\New folder\\SIMA\\vendor\\laravel\\framework\\src\\Illuminate\\Foundation\\Application.php(1028): Illuminate\\Container\\Container->make('blade.compiler', Array)
#6 C:\\Users\\Windows 10 Pro\\Documents\\work\\New folder\\SIMA\\vendor\\laravel\\framework\\src\\Illuminate\\Container\\Container.php(1570): Illuminate\\Foundation\\Application->make('blade.compiler')
#7 C:\\Users\\Windows 10 Pro\\Documents\\work\\New folder\\SIMA\\vendor\\laravel\\framework\\src\\Illuminate\\Support\\Facades\\Facade.php(237): Illuminate\\Container\\Container->offsetGet('blade.compiler')
#8 C:\\Users\\Windows 10 Pro\\Documents\\work\\New folder\\SIMA\\vendor\\laravel\\framework\\src\\Illuminate\\Support\\Facades\\Facade.php(208): Illuminate\\Support\\Facades\\Facade::resolveFacadeInstance('blade.compiler')
#9 C:\\Users\\Windows 10 Pro\\Documents\\work\\New folder\\SIMA\\vendor\\laravel\\framework\\src\\Illuminate\\Support\\Facades\\Facade.php(351): Illuminate\\Support\\Facades\\Facade::getFacadeRoot()
#10 C:\\Users\\Windows 10 Pro\\Documents\\work\\New folder\\SIMA\\app\\Providers\\AppServiceProvider.php(24): Illuminate\\Support\\Facades\\Facade::__callStatic('directive', Array)
#11 C:\\Users\\Windows 10 Pro\\Documents\\work\\New folder\\SIMA\\vendor\\laravel\\framework\\src\\Illuminate\\Container\\BoundMethod.php(36): App\\Providers\\AppServiceProvider->boot(Object(Illuminate\\Routing\\UrlGenerator))
#12 C:\\Users\\Windows 10 Pro\\Documents\\work\\New folder\\SIMA\\vendor\\laravel\\framework\\src\\Illuminate\\Container\\Util.php(41): Illuminate\\Container\\BoundMethod::Illuminate\\Container\\{closure}()
#13 C:\\Users\\Windows 10 Pro\\Documents\\work\\New folder\\SIMA\\vendor\\laravel\\framework\\src\\Illuminate\\Container\\BoundMethod.php(93): Illuminate\\Container\\Util::unwrapIfClosure(Object(Closure))
#14 C:\\Users\\Windows 10 Pro\\Documents\\work\\New folder\\SIMA\\vendor\\laravel\\framework\\src\\Illuminate\\Container\\BoundMethod.php(35): Illuminate\\Container\\BoundMethod::callBoundMethod(Object(Illuminate\\Foundation\\Application), Array, Object(Closure))
#15 C:\\Users\\Windows 10 Pro\\Documents\\work\\New folder\\SIMA\\vendor\\laravel\\framework\\src\\Illuminate\\Container\\Container.php(690): Illuminate\\Container\\BoundMethod::call(Object(Illuminate\\Foundation\\Application), Array, Array, NULL)
#16 C:\\Users\\Windows 10 Pro\\Documents\\work\\New folder\\SIMA\\vendor\\laravel\\framework\\src\\Illuminate\\Foundation\\Application.php(1119): Illuminate\\Container\\Container->call(Array)
#17 C:\\Users\\Windows 10 Pro\\Documents\\work\\New folder\\SIMA\\vendor\\laravel\\framework\\src\\Illuminate\\Foundation\\Application.php(1100): Illuminate\\Foundation\\Application->bootProvider(Object(App\\Providers\\AppServiceProvider))
#18 [internal function]: Illuminate\\Foundation\\Application->Illuminate\\Foundation\\{closure}(Object(App\\Providers\\AppServiceProvider), 'App\\\\Providers\\\\A...')
#19 C:\\Users\\Windows 10 Pro\\Documents\\work\\New folder\\SIMA\\vendor\\laravel\\framework\\src\\Illuminate\\Foundation\\Application.php(1099): array_walk(Array, Object(Closure))
#20 C:\\Users\\Windows 10 Pro\\Documents\\work\\New folder\\SIMA\\vendor\\laravel\\framework\\src\\Illuminate\\Foundation\\Bootstrap\\BootProviders.php(17): Illuminate\\Foundation\\Application->boot()
#21 C:\\Users\\Windows 10 Pro\\Documents\\work\\New folder\\SIMA\\vendor\\laravel\\framework\\src\\Illuminate\\Foundation\\Application.php(316): Illuminate\\Foundation\\Bootstrap\\BootProviders->bootstrap(Object(Illuminate\\Foundation\\Application))
#22 C:\\Users\\Windows 10 Pro\\Documents\\work\\New folder\\SIMA\\vendor\\laravel\\framework\\src\\Illuminate\\Foundation\\Console\\Kernel.php(473): Illuminate\\Foundation\\Application->bootstrapWith(Array)
#23 C:\\Users\\Windows 10 Pro\\Documents\\work\\New folder\\SIMA\\vendor\\laravel\\framework\\src\\Illuminate\\Foundation\\Console\\Kernel.php(195): Illuminate\\Foundation\\Console\\Kernel->bootstrap()
#24 C:\\Users\\Windows 10 Pro\\Documents\\work\\New folder\\SIMA\\vendor\\laravel\\framework\\src\\Illuminate\\Foundation\\Application.php(1203): Illuminate\\Foundation\\Console\\Kernel->handle(Object(Symfony\\Component\\Console\\Input\\ArgvInput), Object(Symfony\\Component\\Console\\Output\\ConsoleOutput))
#25 C:\\Users\\Windows 10 Pro\\Documents\\work\\New folder\\SIMA\\artisan(13): Illuminate\\Foundation\\Application->handleCommand(Object(Symfony\\Component\\Console\\Input\\ArgvInput))
#26 {main}
"} 
[2025-09-01 09:03:35] local.ERROR: Please provide a valid cache path. {"exception":"[object] (InvalidArgumentException(code: 0): Please provide a valid cache path. at C:\\Users\\Windows 10 Pro\\Documents\\work\\New folder\\SIMA\\vendor\\laravel\\framework\\src\\Illuminate\\View\\Compilers\\Compiler.php:67)
[stacktrace]
#0 C:\\Users\\Windows 10 Pro\\Documents\\work\\New folder\\SIMA\\vendor\\laravel\\framework\\src\\Illuminate\\View\\ViewServiceProvider.php(97): Illuminate\\View\\Compilers\\Compiler->__construct(Object(Illuminate\\Filesystem\\Filesystem), false, '', true, 'php')
#1 C:\\Users\\Windows 10 Pro\\Documents\\work\\New folder\\SIMA\\vendor\\laravel\\framework\\src\\Illuminate\\Container\\Container.php(931): Illuminate\\View\\ViewServiceProvider->Illuminate\\View\\{closure}(Object(Illuminate\\Foundation\\Application), Array)
#2 C:\\Users\\Windows 10 Pro\\Documents\\work\\New folder\\SIMA\\vendor\\laravel\\framework\\src\\Illuminate\\Container\\Container.php(815): Illuminate\\Container\\Container->build(Object(Closure))
#3 C:\\Users\\Windows 10 Pro\\Documents\\work\\New folder\\SIMA\\vendor\\laravel\\framework\\src\\Illuminate\\Foundation\\Application.php(1046): Illuminate\\Container\\Container->resolve('blade.compiler', Array, true)
#4 C:\\Users\\Windows 10 Pro\\Documents\\work\\New folder\\SIMA\\vendor\\laravel\\framework\\src\\Illuminate\\Container\\Container.php(751): Illuminate\\Foundation\\Application->resolve('blade.compiler', Array)
#5 C:\\Users\\Windows 10 Pro\\Documents\\work\\New folder\\SIMA\\vendor\\laravel\\framework\\src\\Illuminate\\Foundation\\Application.php(1028): Illuminate\\Container\\Container->make('blade.compiler', Array)
#6 C:\\Users\\Windows 10 Pro\\Documents\\work\\New folder\\SIMA\\vendor\\laravel\\framework\\src\\Illuminate\\Container\\Container.php(1570): Illuminate\\Foundation\\Application->make('blade.compiler')
#7 C:\\Users\\Windows 10 Pro\\Documents\\work\\New folder\\SIMA\\vendor\\laravel\\framework\\src\\Illuminate\\Support\\Facades\\Facade.php(237): Illuminate\\Container\\Container->offsetGet('blade.compiler')
#8 C:\\Users\\Windows 10 Pro\\Documents\\work\\New folder\\SIMA\\vendor\\laravel\\framework\\src\\Illuminate\\Support\\Facades\\Facade.php(208): Illuminate\\Support\\Facades\\Facade::resolveFacadeInstance('blade.compiler')
#9 C:\\Users\\Windows 10 Pro\\Documents\\work\\New folder\\SIMA\\vendor\\laravel\\framework\\src\\Illuminate\\Support\\Facades\\Facade.php(351): Illuminate\\Support\\Facades\\Facade::getFacadeRoot()
#10 C:\\Users\\Windows 10 Pro\\Documents\\work\\New folder\\SIMA\\app\\Providers\\AppServiceProvider.php(24): Illuminate\\Support\\Facades\\Facade::__callStatic('directive', Array)
#11 C:\\Users\\Windows 10 Pro\\Documents\\work\\New folder\\SIMA\\vendor\\laravel\\framework\\src\\Illuminate\\Container\\BoundMethod.php(36): App\\Providers\\AppServiceProvider->boot(Object(Illuminate\\Routing\\UrlGenerator))
#12 C:\\Users\\Windows 10 Pro\\Documents\\work\\New folder\\SIMA\\vendor\\laravel\\framework\\src\\Illuminate\\Container\\Util.php(41): Illuminate\\Container\\BoundMethod::Illuminate\\Container\\{closure}()
#13 C:\\Users\\Windows 10 Pro\\Documents\\work\\New folder\\SIMA\\vendor\\laravel\\framework\\src\\Illuminate\\Container\\BoundMethod.php(93): Illuminate\\Container\\Util::unwrapIfClosure(Object(Closure))
#14 C:\\Users\\Windows 10 Pro\\Documents\\work\\New folder\\SIMA\\vendor\\laravel\\framework\\src\\Illuminate\\Container\\BoundMethod.php(35): Illuminate\\Container\\BoundMethod::callBoundMethod(Object(Illuminate\\Foundation\\Application), Array, Object(Closure))
#15 C:\\Users\\Windows 10 Pro\\Documents\\work\\New folder\\SIMA\\vendor\\laravel\\framework\\src\\Illuminate\\Container\\Container.php(690): Illuminate\\Container\\BoundMethod::call(Object(Illuminate\\Foundation\\Application), Array, Array, NULL)
#16 C:\\Users\\Windows 10 Pro\\Documents\\work\\New folder\\SIMA\\vendor\\laravel\\framework\\src\\Illuminate\\Foundation\\Application.php(1119): Illuminate\\Container\\Container->call(Array)
#17 C:\\Users\\Windows 10 Pro\\Documents\\work\\New folder\\SIMA\\vendor\\laravel\\framework\\src\\Illuminate\\Foundation\\Application.php(1100): Illuminate\\Foundation\\Application->bootProvider(Object(App\\Providers\\AppServiceProvider))
#18 [internal function]: Illuminate\\Foundation\\Application->Illuminate\\Foundation\\{closure}(Object(App\\Providers\\AppServiceProvider), 'App\\\\Providers\\\\A...')
#19 C:\\Users\\Windows 10 Pro\\Documents\\work\\New folder\\SIMA\\vendor\\laravel\\framework\\src\\Illuminate\\Foundation\\Application.php(1099): array_walk(Array, Object(Closure))
#20 C:\\Users\\Windows 10 Pro\\Documents\\work\\New folder\\SIMA\\vendor\\laravel\\framework\\src\\Illuminate\\Foundation\\Bootstrap\\BootProviders.php(17): Illuminate\\Foundation\\Application->boot()
#21 C:\\Users\\Windows 10 Pro\\Documents\\work\\New folder\\SIMA\\vendor\\laravel\\framework\\src\\Illuminate\\Foundation\\Application.php(316): Illuminate\\Foundation\\Bootstrap\\BootProviders->bootstrap(Object(Illuminate\\Foundation\\Application))
#22 C:\\Users\\Windows 10 Pro\\Documents\\work\\New folder\\SIMA\\vendor\\laravel\\framework\\src\\Illuminate\\Foundation\\Console\\Kernel.php(473): Illuminate\\Foundation\\Application->bootstrapWith(Array)
#23 C:\\Users\\Windows 10 Pro\\Documents\\work\\New folder\\SIMA\\vendor\\laravel\\framework\\src\\Illuminate\\Foundation\\Console\\Kernel.php(195): Illuminate\\Foundation\\Console\\Kernel->bootstrap()
#24 C:\\Users\\Windows 10 Pro\\Documents\\work\\New folder\\SIMA\\vendor\\laravel\\framework\\src\\Illuminate\\Foundation\\Application.php(1203): Illuminate\\Foundation\\Console\\Kernel->handle(Object(Symfony\\Component\\Console\\Input\\ArgvInput), Object(Symfony\\Component\\Console\\Output\\ConsoleOutput))
#25 C:\\Users\\Windows 10 Pro\\Documents\\work\\New folder\\SIMA\\artisan(13): Illuminate\\Foundation\\Application->handleCommand(Object(Symfony\\Component\\Console\\Input\\ArgvInput))
#26 {main}
"} 
[2025-09-01 09:03:38] local.ERROR: Please provide a valid cache path. {"exception":"[object] (InvalidArgumentException(code: 0): Please provide a valid cache path. at C:\\Users\\Windows 10 Pro\\Documents\\work\\New folder\\SIMA\\vendor\\laravel\\framework\\src\\Illuminate\\View\\Compilers\\Compiler.php:67)
[stacktrace]
#0 C:\\Users\\Windows 10 Pro\\Documents\\work\\New folder\\SIMA\\vendor\\laravel\\framework\\src\\Illuminate\\View\\ViewServiceProvider.php(97): Illuminate\\View\\Compilers\\Compiler->__construct(Object(Illuminate\\Filesystem\\Filesystem), false, '', true, 'php')
#1 C:\\Users\\Windows 10 Pro\\Documents\\work\\New folder\\SIMA\\vendor\\laravel\\framework\\src\\Illuminate\\Container\\Container.php(931): Illuminate\\View\\ViewServiceProvider->Illuminate\\View\\{closure}(Object(Illuminate\\Foundation\\Application), Array)
#2 C:\\Users\\Windows 10 Pro\\Documents\\work\\New folder\\SIMA\\vendor\\laravel\\framework\\src\\Illuminate\\Container\\Container.php(815): Illuminate\\Container\\Container->build(Object(Closure))
#3 C:\\Users\\Windows 10 Pro\\Documents\\work\\New folder\\SIMA\\vendor\\laravel\\framework\\src\\Illuminate\\Foundation\\Application.php(1046): Illuminate\\Container\\Container->resolve('blade.compiler', Array, true)
#4 C:\\Users\\Windows 10 Pro\\Documents\\work\\New folder\\SIMA\\vendor\\laravel\\framework\\src\\Illuminate\\Container\\Container.php(751): Illuminate\\Foundation\\Application->resolve('blade.compiler', Array)
#5 C:\\Users\\Windows 10 Pro\\Documents\\work\\New folder\\SIMA\\vendor\\laravel\\framework\\src\\Illuminate\\Foundation\\Application.php(1028): Illuminate\\Container\\Container->make('blade.compiler', Array)
#6 C:\\Users\\Windows 10 Pro\\Documents\\work\\New folder\\SIMA\\vendor\\laravel\\framework\\src\\Illuminate\\Container\\Container.php(1570): Illuminate\\Foundation\\Application->make('blade.compiler')
#7 C:\\Users\\Windows 10 Pro\\Documents\\work\\New folder\\SIMA\\vendor\\laravel\\framework\\src\\Illuminate\\Support\\Facades\\Facade.php(237): Illuminate\\Container\\Container->offsetGet('blade.compiler')
#8 C:\\Users\\Windows 10 Pro\\Documents\\work\\New folder\\SIMA\\vendor\\laravel\\framework\\src\\Illuminate\\Support\\Facades\\Facade.php(208): Illuminate\\Support\\Facades\\Facade::resolveFacadeInstance('blade.compiler')
#9 C:\\Users\\Windows 10 Pro\\Documents\\work\\New folder\\SIMA\\vendor\\laravel\\framework\\src\\Illuminate\\Support\\Facades\\Facade.php(351): Illuminate\\Support\\Facades\\Facade::getFacadeRoot()
#10 C:\\Users\\Windows 10 Pro\\Documents\\work\\New folder\\SIMA\\app\\Providers\\AppServiceProvider.php(24): Illuminate\\Support\\Facades\\Facade::__callStatic('directive', Array)
#11 C:\\Users\\Windows 10 Pro\\Documents\\work\\New folder\\SIMA\\vendor\\laravel\\framework\\src\\Illuminate\\Container\\BoundMethod.php(36): App\\Providers\\AppServiceProvider->boot(Object(Illuminate\\Routing\\UrlGenerator))
#12 C:\\Users\\Windows 10 Pro\\Documents\\work\\New folder\\SIMA\\vendor\\laravel\\framework\\src\\Illuminate\\Container\\Util.php(41): Illuminate\\Container\\BoundMethod::Illuminate\\Container\\{closure}()
#13 C:\\Users\\Windows 10 Pro\\Documents\\work\\New folder\\SIMA\\vendor\\laravel\\framework\\src\\Illuminate\\Container\\BoundMethod.php(93): Illuminate\\Container\\Util::unwrapIfClosure(Object(Closure))
#14 C:\\Users\\Windows 10 Pro\\Documents\\work\\New folder\\SIMA\\vendor\\laravel\\framework\\src\\Illuminate\\Container\\BoundMethod.php(35): Illuminate\\Container\\BoundMethod::callBoundMethod(Object(Illuminate\\Foundation\\Application), Array, Object(Closure))
#15 C:\\Users\\Windows 10 Pro\\Documents\\work\\New folder\\SIMA\\vendor\\laravel\\framework\\src\\Illuminate\\Container\\Container.php(690): Illuminate\\Container\\BoundMethod::call(Object(Illuminate\\Foundation\\Application), Array, Array, NULL)
#16 C:\\Users\\Windows 10 Pro\\Documents\\work\\New folder\\SIMA\\vendor\\laravel\\framework\\src\\Illuminate\\Foundation\\Application.php(1119): Illuminate\\Container\\Container->call(Array)
#17 C:\\Users\\Windows 10 Pro\\Documents\\work\\New folder\\SIMA\\vendor\\laravel\\framework\\src\\Illuminate\\Foundation\\Application.php(1100): Illuminate\\Foundation\\Application->bootProvider(Object(App\\Providers\\AppServiceProvider))
#18 [internal function]: Illuminate\\Foundation\\Application->Illuminate\\Foundation\\{closure}(Object(App\\Providers\\AppServiceProvider), 'App\\\\Providers\\\\A...')
#19 C:\\Users\\Windows 10 Pro\\Documents\\work\\New folder\\SIMA\\vendor\\laravel\\framework\\src\\Illuminate\\Foundation\\Application.php(1099): array_walk(Array, Object(Closure))
#20 C:\\Users\\Windows 10 Pro\\Documents\\work\\New folder\\SIMA\\vendor\\laravel\\framework\\src\\Illuminate\\Foundation\\Bootstrap\\BootProviders.php(17): Illuminate\\Foundation\\Application->boot()
#21 C:\\Users\\Windows 10 Pro\\Documents\\work\\New folder\\SIMA\\vendor\\laravel\\framework\\src\\Illuminate\\Foundation\\Application.php(316): Illuminate\\Foundation\\Bootstrap\\BootProviders->bootstrap(Object(Illuminate\\Foundation\\Application))
#22 C:\\Users\\Windows 10 Pro\\Documents\\work\\New folder\\SIMA\\vendor\\laravel\\framework\\src\\Illuminate\\Foundation\\Console\\Kernel.php(473): Illuminate\\Foundation\\Application->bootstrapWith(Array)
#23 C:\\Users\\Windows 10 Pro\\Documents\\work\\New folder\\SIMA\\vendor\\laravel\\framework\\src\\Illuminate\\Foundation\\Console\\Kernel.php(195): Illuminate\\Foundation\\Console\\Kernel->bootstrap()
#24 C:\\Users\\Windows 10 Pro\\Documents\\work\\New folder\\SIMA\\vendor\\laravel\\framework\\src\\Illuminate\\Foundation\\Application.php(1203): Illuminate\\Foundation\\Console\\Kernel->handle(Object(Symfony\\Component\\Console\\Input\\ArgvInput), Object(Symfony\\Component\\Console\\Output\\ConsoleOutput))
#25 C:\\Users\\Windows 10 Pro\\Documents\\work\\New folder\\SIMA\\artisan(13): Illuminate\\Foundation\\Application->handleCommand(Object(Symfony\\Component\\Console\\Input\\ArgvInput))
#26 {main}
"} 
[2025-09-01 09:03:39] local.ERROR: Please provide a valid cache path. {"exception":"[object] (InvalidArgumentException(code: 0): Please provide a valid cache path. at C:\\Users\\Windows 10 Pro\\Documents\\work\\New folder\\SIMA\\vendor\\laravel\\framework\\src\\Illuminate\\View\\Compilers\\Compiler.php:67)
[stacktrace]
#0 C:\\Users\\Windows 10 Pro\\Documents\\work\\New folder\\SIMA\\vendor\\laravel\\framework\\src\\Illuminate\\View\\ViewServiceProvider.php(97): Illuminate\\View\\Compilers\\Compiler->__construct(Object(Illuminate\\Filesystem\\Filesystem), false, '', true, 'php')
#1 C:\\Users\\Windows 10 Pro\\Documents\\work\\New folder\\SIMA\\vendor\\laravel\\framework\\src\\Illuminate\\Container\\Container.php(931): Illuminate\\View\\ViewServiceProvider->Illuminate\\View\\{closure}(Object(Illuminate\\Foundation\\Application), Array)
#2 C:\\Users\\Windows 10 Pro\\Documents\\work\\New folder\\SIMA\\vendor\\laravel\\framework\\src\\Illuminate\\Container\\Container.php(815): Illuminate\\Container\\Container->build(Object(Closure))
#3 C:\\Users\\Windows 10 Pro\\Documents\\work\\New folder\\SIMA\\vendor\\laravel\\framework\\src\\Illuminate\\Foundation\\Application.php(1046): Illuminate\\Container\\Container->resolve('blade.compiler', Array, true)
#4 C:\\Users\\Windows 10 Pro\\Documents\\work\\New folder\\SIMA\\vendor\\laravel\\framework\\src\\Illuminate\\Container\\Container.php(751): Illuminate\\Foundation\\Application->resolve('blade.compiler', Array)
#5 C:\\Users\\Windows 10 Pro\\Documents\\work\\New folder\\SIMA\\vendor\\laravel\\framework\\src\\Illuminate\\Foundation\\Application.php(1028): Illuminate\\Container\\Container->make('blade.compiler', Array)
#6 C:\\Users\\Windows 10 Pro\\Documents\\work\\New folder\\SIMA\\vendor\\laravel\\framework\\src\\Illuminate\\Container\\Container.php(1570): Illuminate\\Foundation\\Application->make('blade.compiler')
#7 C:\\Users\\Windows 10 Pro\\Documents\\work\\New folder\\SIMA\\vendor\\laravel\\framework\\src\\Illuminate\\Support\\Facades\\Facade.php(237): Illuminate\\Container\\Container->offsetGet('blade.compiler')
#8 C:\\Users\\Windows 10 Pro\\Documents\\work\\New folder\\SIMA\\vendor\\laravel\\framework\\src\\Illuminate\\Support\\Facades\\Facade.php(208): Illuminate\\Support\\Facades\\Facade::resolveFacadeInstance('blade.compiler')
#9 C:\\Users\\Windows 10 Pro\\Documents\\work\\New folder\\SIMA\\vendor\\laravel\\framework\\src\\Illuminate\\Support\\Facades\\Facade.php(351): Illuminate\\Support\\Facades\\Facade::getFacadeRoot()
#10 C:\\Users\\Windows 10 Pro\\Documents\\work\\New folder\\SIMA\\app\\Providers\\AppServiceProvider.php(24): Illuminate\\Support\\Facades\\Facade::__callStatic('directive', Array)
#11 C:\\Users\\Windows 10 Pro\\Documents\\work\\New folder\\SIMA\\vendor\\laravel\\framework\\src\\Illuminate\\Container\\BoundMethod.php(36): App\\Providers\\AppServiceProvider->boot(Object(Illuminate\\Routing\\UrlGenerator))
#12 C:\\Users\\Windows 10 Pro\\Documents\\work\\New folder\\SIMA\\vendor\\laravel\\framework\\src\\Illuminate\\Container\\Util.php(41): Illuminate\\Container\\BoundMethod::Illuminate\\Container\\{closure}()
#13 C:\\Users\\Windows 10 Pro\\Documents\\work\\New folder\\SIMA\\vendor\\laravel\\framework\\src\\Illuminate\\Container\\BoundMethod.php(93): Illuminate\\Container\\Util::unwrapIfClosure(Object(Closure))
#14 C:\\Users\\Windows 10 Pro\\Documents\\work\\New folder\\SIMA\\vendor\\laravel\\framework\\src\\Illuminate\\Container\\BoundMethod.php(35): Illuminate\\Container\\BoundMethod::callBoundMethod(Object(Illuminate\\Foundation\\Application), Array, Object(Closure))
#15 C:\\Users\\Windows 10 Pro\\Documents\\work\\New folder\\SIMA\\vendor\\laravel\\framework\\src\\Illuminate\\Container\\Container.php(690): Illuminate\\Container\\BoundMethod::call(Object(Illuminate\\Foundation\\Application), Array, Array, NULL)
#16 C:\\Users\\Windows 10 Pro\\Documents\\work\\New folder\\SIMA\\vendor\\laravel\\framework\\src\\Illuminate\\Foundation\\Application.php(1119): Illuminate\\Container\\Container->call(Array)
#17 C:\\Users\\Windows 10 Pro\\Documents\\work\\New folder\\SIMA\\vendor\\laravel\\framework\\src\\Illuminate\\Foundation\\Application.php(1100): Illuminate\\Foundation\\Application->bootProvider(Object(App\\Providers\\AppServiceProvider))
#18 [internal function]: Illuminate\\Foundation\\Application->Illuminate\\Foundation\\{closure}(Object(App\\Providers\\AppServiceProvider), 'App\\\\Providers\\\\A...')
#19 C:\\Users\\Windows 10 Pro\\Documents\\work\\New folder\\SIMA\\vendor\\laravel\\framework\\src\\Illuminate\\Foundation\\Application.php(1099): array_walk(Array, Object(Closure))
#20 C:\\Users\\Windows 10 Pro\\Documents\\work\\New folder\\SIMA\\vendor\\laravel\\framework\\src\\Illuminate\\Foundation\\Bootstrap\\BootProviders.php(17): Illuminate\\Foundation\\Application->boot()
#21 C:\\Users\\Windows 10 Pro\\Documents\\work\\New folder\\SIMA\\vendor\\laravel\\framework\\src\\Illuminate\\Foundation\\Application.php(316): Illuminate\\Foundation\\Bootstrap\\BootProviders->bootstrap(Object(Illuminate\\Foundation\\Application))
#22 C:\\Users\\Windows 10 Pro\\Documents\\work\\New folder\\SIMA\\vendor\\laravel\\framework\\src\\Illuminate\\Foundation\\Console\\Kernel.php(473): Illuminate\\Foundation\\Application->bootstrapWith(Array)
#23 C:\\Users\\Windows 10 Pro\\Documents\\work\\New folder\\SIMA\\vendor\\laravel\\framework\\src\\Illuminate\\Foundation\\Console\\Kernel.php(195): Illuminate\\Foundation\\Console\\Kernel->bootstrap()
#24 C:\\Users\\Windows 10 Pro\\Documents\\work\\New folder\\SIMA\\vendor\\laravel\\framework\\src\\Illuminate\\Foundation\\Application.php(1203): Illuminate\\Foundation\\Console\\Kernel->handle(Object(Symfony\\Component\\Console\\Input\\ArgvInput), Object(Symfony\\Component\\Console\\Output\\ConsoleOutput))
#25 C:\\Users\\Windows 10 Pro\\Documents\\work\\New folder\\SIMA\\artisan(13): Illuminate\\Foundation\\Application->handleCommand(Object(Symfony\\Component\\Console\\Input\\ArgvInput))
#26 {main}
"} 
[2025-09-01 09:03:39] local.ERROR: Please provide a valid cache path. {"exception":"[object] (InvalidArgumentException(code: 0): Please provide a valid cache path. at C:\\Users\\Windows 10 Pro\\Documents\\work\\New folder\\SIMA\\vendor\\laravel\\framework\\src\\Illuminate\\View\\Compilers\\Compiler.php:67)
[stacktrace]
#0 C:\\Users\\Windows 10 Pro\\Documents\\work\\New folder\\SIMA\\vendor\\laravel\\framework\\src\\Illuminate\\View\\ViewServiceProvider.php(97): Illuminate\\View\\Compilers\\Compiler->__construct(Object(Illuminate\\Filesystem\\Filesystem), false, '', true, 'php')
#1 C:\\Users\\Windows 10 Pro\\Documents\\work\\New folder\\SIMA\\vendor\\laravel\\framework\\src\\Illuminate\\Container\\Container.php(931): Illuminate\\View\\ViewServiceProvider->Illuminate\\View\\{closure}(Object(Illuminate\\Foundation\\Application), Array)
#2 C:\\Users\\Windows 10 Pro\\Documents\\work\\New folder\\SIMA\\vendor\\laravel\\framework\\src\\Illuminate\\Container\\Container.php(815): Illuminate\\Container\\Container->build(Object(Closure))
#3 C:\\Users\\Windows 10 Pro\\Documents\\work\\New folder\\SIMA\\vendor\\laravel\\framework\\src\\Illuminate\\Foundation\\Application.php(1046): Illuminate\\Container\\Container->resolve('blade.compiler', Array, true)
#4 C:\\Users\\Windows 10 Pro\\Documents\\work\\New folder\\SIMA\\vendor\\laravel\\framework\\src\\Illuminate\\Container\\Container.php(751): Illuminate\\Foundation\\Application->resolve('blade.compiler', Array)
#5 C:\\Users\\Windows 10 Pro\\Documents\\work\\New folder\\SIMA\\vendor\\laravel\\framework\\src\\Illuminate\\Foundation\\Application.php(1028): Illuminate\\Container\\Container->make('blade.compiler', Array)
#6 C:\\Users\\Windows 10 Pro\\Documents\\work\\New folder\\SIMA\\vendor\\laravel\\framework\\src\\Illuminate\\Container\\Container.php(1570): Illuminate\\Foundation\\Application->make('blade.compiler')
#7 C:\\Users\\Windows 10 Pro\\Documents\\work\\New folder\\SIMA\\vendor\\laravel\\framework\\src\\Illuminate\\Support\\Facades\\Facade.php(237): Illuminate\\Container\\Container->offsetGet('blade.compiler')
#8 C:\\Users\\Windows 10 Pro\\Documents\\work\\New folder\\SIMA\\vendor\\laravel\\framework\\src\\Illuminate\\Support\\Facades\\Facade.php(208): Illuminate\\Support\\Facades\\Facade::resolveFacadeInstance('blade.compiler')
#9 C:\\Users\\Windows 10 Pro\\Documents\\work\\New folder\\SIMA\\vendor\\laravel\\framework\\src\\Illuminate\\Support\\Facades\\Facade.php(351): Illuminate\\Support\\Facades\\Facade::getFacadeRoot()
#10 C:\\Users\\Windows 10 Pro\\Documents\\work\\New folder\\SIMA\\app\\Providers\\AppServiceProvider.php(24): Illuminate\\Support\\Facades\\Facade::__callStatic('directive', Array)
#11 C:\\Users\\Windows 10 Pro\\Documents\\work\\New folder\\SIMA\\vendor\\laravel\\framework\\src\\Illuminate\\Container\\BoundMethod.php(36): App\\Providers\\AppServiceProvider->boot(Object(Illuminate\\Routing\\UrlGenerator))
#12 C:\\Users\\Windows 10 Pro\\Documents\\work\\New folder\\SIMA\\vendor\\laravel\\framework\\src\\Illuminate\\Container\\Util.php(41): Illuminate\\Container\\BoundMethod::Illuminate\\Container\\{closure}()
#13 C:\\Users\\Windows 10 Pro\\Documents\\work\\New folder\\SIMA\\vendor\\laravel\\framework\\src\\Illuminate\\Container\\BoundMethod.php(93): Illuminate\\Container\\Util::unwrapIfClosure(Object(Closure))
#14 C:\\Users\\Windows 10 Pro\\Documents\\work\\New folder\\SIMA\\vendor\\laravel\\framework\\src\\Illuminate\\Container\\BoundMethod.php(35): Illuminate\\Container\\BoundMethod::callBoundMethod(Object(Illuminate\\Foundation\\Application), Array, Object(Closure))
#15 C:\\Users\\Windows 10 Pro\\Documents\\work\\New folder\\SIMA\\vendor\\laravel\\framework\\src\\Illuminate\\Container\\Container.php(690): Illuminate\\Container\\BoundMethod::call(Object(Illuminate\\Foundation\\Application), Array, Array, NULL)
#16 C:\\Users\\Windows 10 Pro\\Documents\\work\\New folder\\SIMA\\vendor\\laravel\\framework\\src\\Illuminate\\Foundation\\Application.php(1119): Illuminate\\Container\\Container->call(Array)
#17 C:\\Users\\Windows 10 Pro\\Documents\\work\\New folder\\SIMA\\vendor\\laravel\\framework\\src\\Illuminate\\Foundation\\Application.php(1100): Illuminate\\Foundation\\Application->bootProvider(Object(App\\Providers\\AppServiceProvider))
#18 [internal function]: Illuminate\\Foundation\\Application->Illuminate\\Foundation\\{closure}(Object(App\\Providers\\AppServiceProvider), 'App\\\\Providers\\\\A...')
#19 C:\\Users\\Windows 10 Pro\\Documents\\work\\New folder\\SIMA\\vendor\\laravel\\framework\\src\\Illuminate\\Foundation\\Application.php(1099): array_walk(Array, Object(Closure))
#20 C:\\Users\\Windows 10 Pro\\Documents\\work\\New folder\\SIMA\\vendor\\laravel\\framework\\src\\Illuminate\\Foundation\\Bootstrap\\BootProviders.php(17): Illuminate\\Foundation\\Application->boot()
#21 C:\\Users\\Windows 10 Pro\\Documents\\work\\New folder\\SIMA\\vendor\\laravel\\framework\\src\\Illuminate\\Foundation\\Application.php(316): Illuminate\\Foundation\\Bootstrap\\BootProviders->bootstrap(Object(Illuminate\\Foundation\\Application))
#22 C:\\Users\\Windows 10 Pro\\Documents\\work\\New folder\\SIMA\\vendor\\laravel\\framework\\src\\Illuminate\\Foundation\\Console\\Kernel.php(473): Illuminate\\Foundation\\Application->bootstrapWith(Array)
#23 C:\\Users\\Windows 10 Pro\\Documents\\work\\New folder\\SIMA\\vendor\\laravel\\framework\\src\\Illuminate\\Foundation\\Console\\Kernel.php(195): Illuminate\\Foundation\\Console\\Kernel->bootstrap()
#24 C:\\Users\\Windows 10 Pro\\Documents\\work\\New folder\\SIMA\\vendor\\laravel\\framework\\src\\Illuminate\\Foundation\\Application.php(1203): Illuminate\\Foundation\\Console\\Kernel->handle(Object(Symfony\\Component\\Console\\Input\\ArgvInput), Object(Symfony\\Component\\Console\\Output\\ConsoleOutput))
#25 C:\\Users\\Windows 10 Pro\\Documents\\work\\New folder\\SIMA\\artisan(13): Illuminate\\Foundation\\Application->handleCommand(Object(Symfony\\Component\\Console\\Input\\ArgvInput))
#26 {main}
"} 
[2025-09-01 09:03:39] local.ERROR: Please provide a valid cache path. {"exception":"[object] (InvalidArgumentException(code: 0): Please provide a valid cache path. at C:\\Users\\Windows 10 Pro\\Documents\\work\\New folder\\SIMA\\vendor\\laravel\\framework\\src\\Illuminate\\View\\Compilers\\Compiler.php:67)
[stacktrace]
#0 C:\\Users\\Windows 10 Pro\\Documents\\work\\New folder\\SIMA\\vendor\\laravel\\framework\\src\\Illuminate\\View\\ViewServiceProvider.php(97): Illuminate\\View\\Compilers\\Compiler->__construct(Object(Illuminate\\Filesystem\\Filesystem), false, '', true, 'php')
#1 C:\\Users\\Windows 10 Pro\\Documents\\work\\New folder\\SIMA\\vendor\\laravel\\framework\\src\\Illuminate\\Container\\Container.php(931): Illuminate\\View\\ViewServiceProvider->Illuminate\\View\\{closure}(Object(Illuminate\\Foundation\\Application), Array)
#2 C:\\Users\\Windows 10 Pro\\Documents\\work\\New folder\\SIMA\\vendor\\laravel\\framework\\src\\Illuminate\\Container\\Container.php(815): Illuminate\\Container\\Container->build(Object(Closure))
#3 C:\\Users\\Windows 10 Pro\\Documents\\work\\New folder\\SIMA\\vendor\\laravel\\framework\\src\\Illuminate\\Foundation\\Application.php(1046): Illuminate\\Container\\Container->resolve('blade.compiler', Array, true)
#4 C:\\Users\\Windows 10 Pro\\Documents\\work\\New folder\\SIMA\\vendor\\laravel\\framework\\src\\Illuminate\\Container\\Container.php(751): Illuminate\\Foundation\\Application->resolve('blade.compiler', Array)
#5 C:\\Users\\Windows 10 Pro\\Documents\\work\\New folder\\SIMA\\vendor\\laravel\\framework\\src\\Illuminate\\Foundation\\Application.php(1028): Illuminate\\Container\\Container->make('blade.compiler', Array)
#6 C:\\Users\\Windows 10 Pro\\Documents\\work\\New folder\\SIMA\\vendor\\laravel\\framework\\src\\Illuminate\\Container\\Container.php(1570): Illuminate\\Foundation\\Application->make('blade.compiler')
#7 C:\\Users\\Windows 10 Pro\\Documents\\work\\New folder\\SIMA\\vendor\\laravel\\framework\\src\\Illuminate\\Support\\Facades\\Facade.php(237): Illuminate\\Container\\Container->offsetGet('blade.compiler')
#8 C:\\Users\\Windows 10 Pro\\Documents\\work\\New folder\\SIMA\\vendor\\laravel\\framework\\src\\Illuminate\\Support\\Facades\\Facade.php(208): Illuminate\\Support\\Facades\\Facade::resolveFacadeInstance('blade.compiler')
#9 C:\\Users\\Windows 10 Pro\\Documents\\work\\New folder\\SIMA\\vendor\\laravel\\framework\\src\\Illuminate\\Support\\Facades\\Facade.php(351): Illuminate\\Support\\Facades\\Facade::getFacadeRoot()
#10 C:\\Users\\Windows 10 Pro\\Documents\\work\\New folder\\SIMA\\app\\Providers\\AppServiceProvider.php(24): Illuminate\\Support\\Facades\\Facade::__callStatic('directive', Array)
#11 C:\\Users\\Windows 10 Pro\\Documents\\work\\New folder\\SIMA\\vendor\\laravel\\framework\\src\\Illuminate\\Container\\BoundMethod.php(36): App\\Providers\\AppServiceProvider->boot(Object(Illuminate\\Routing\\UrlGenerator))
#12 C:\\Users\\Windows 10 Pro\\Documents\\work\\New folder\\SIMA\\vendor\\laravel\\framework\\src\\Illuminate\\Container\\Util.php(41): Illuminate\\Container\\BoundMethod::Illuminate\\Container\\{closure}()
#13 C:\\Users\\Windows 10 Pro\\Documents\\work\\New folder\\SIMA\\vendor\\laravel\\framework\\src\\Illuminate\\Container\\BoundMethod.php(93): Illuminate\\Container\\Util::unwrapIfClosure(Object(Closure))
#14 C:\\Users\\Windows 10 Pro\\Documents\\work\\New folder\\SIMA\\vendor\\laravel\\framework\\src\\Illuminate\\Container\\BoundMethod.php(35): Illuminate\\Container\\BoundMethod::callBoundMethod(Object(Illuminate\\Foundation\\Application), Array, Object(Closure))
#15 C:\\Users\\Windows 10 Pro\\Documents\\work\\New folder\\SIMA\\vendor\\laravel\\framework\\src\\Illuminate\\Container\\Container.php(690): Illuminate\\Container\\BoundMethod::call(Object(Illuminate\\Foundation\\Application), Array, Array, NULL)
#16 C:\\Users\\Windows 10 Pro\\Documents\\work\\New folder\\SIMA\\vendor\\laravel\\framework\\src\\Illuminate\\Foundation\\Application.php(1119): Illuminate\\Container\\Container->call(Array)
#17 C:\\Users\\Windows 10 Pro\\Documents\\work\\New folder\\SIMA\\vendor\\laravel\\framework\\src\\Illuminate\\Foundation\\Application.php(1100): Illuminate\\Foundation\\Application->bootProvider(Object(App\\Providers\\AppServiceProvider))
#18 [internal function]: Illuminate\\Foundation\\Application->Illuminate\\Foundation\\{closure}(Object(App\\Providers\\AppServiceProvider), 'App\\\\Providers\\\\A...')
#19 C:\\Users\\Windows 10 Pro\\Documents\\work\\New folder\\SIMA\\vendor\\laravel\\framework\\src\\Illuminate\\Foundation\\Application.php(1099): array_walk(Array, Object(Closure))
#20 C:\\Users\\Windows 10 Pro\\Documents\\work\\New folder\\SIMA\\vendor\\laravel\\framework\\src\\Illuminate\\Foundation\\Bootstrap\\BootProviders.php(17): Illuminate\\Foundation\\Application->boot()
#21 C:\\Users\\Windows 10 Pro\\Documents\\work\\New folder\\SIMA\\vendor\\laravel\\framework\\src\\Illuminate\\Foundation\\Application.php(316): Illuminate\\Foundation\\Bootstrap\\BootProviders->bootstrap(Object(Illuminate\\Foundation\\Application))
#22 C:\\Users\\Windows 10 Pro\\Documents\\work\\New folder\\SIMA\\vendor\\laravel\\framework\\src\\Illuminate\\Foundation\\Console\\Kernel.php(473): Illuminate\\Foundation\\Application->bootstrapWith(Array)
#23 C:\\Users\\Windows 10 Pro\\Documents\\work\\New folder\\SIMA\\vendor\\laravel\\framework\\src\\Illuminate\\Foundation\\Console\\Kernel.php(195): Illuminate\\Foundation\\Console\\Kernel->bootstrap()
#24 C:\\Users\\Windows 10 Pro\\Documents\\work\\New folder\\SIMA\\vendor\\laravel\\framework\\src\\Illuminate\\Foundation\\Application.php(1203): Illuminate\\Foundation\\Console\\Kernel->handle(Object(Symfony\\Component\\Console\\Input\\ArgvInput), Object(Symfony\\Component\\Console\\Output\\ConsoleOutput))
#25 C:\\Users\\Windows 10 Pro\\Documents\\work\\New folder\\SIMA\\artisan(13): Illuminate\\Foundation\\Application->handleCommand(Object(Symfony\\Component\\Console\\Input\\ArgvInput))
#26 {main}
"} 
[2025-09-01 09:04:31] local.ERROR: SQLSTATE[42S02]: Base table or view not found: 1146 Table 'u935546696_sima.cache' doesn't exist (Connection: mysql, SQL: delete from `cache`) {"exception":"[object] (Illuminate\\Database\\QueryException(code: 42S02): SQLSTATE[42S02]: Base table or view not found: 1146 Table 'u935546696_sima.cache' doesn't exist (Connection: mysql, SQL: delete from `cache`) at C:\\Users\\Windows 10 Pro\\Documents\\work\\New folder\\SIMA\\vendor\\laravel\\framework\\src\\Illuminate\\Database\\Connection.php:813)
[stacktrace]
#0 C:\\Users\\Windows 10 Pro\\Documents\\work\\New folder\\SIMA\\vendor\\laravel\\framework\\src\\Illuminate\\Database\\Connection.php(767): Illuminate\\Database\\Connection->runQueryCallback('delete from `ca...', Array, Object(Closure))
#1 C:\\Users\\Windows 10 Pro\\Documents\\work\\New folder\\SIMA\\vendor\\laravel\\framework\\src\\Illuminate\\Database\\Connection.php(584): Illuminate\\Database\\Connection->run('delete from `ca...', Array, Object(Closure))
#2 C:\\Users\\Windows 10 Pro\\Documents\\work\\New folder\\SIMA\\vendor\\laravel\\framework\\src\\Illuminate\\Database\\Connection.php(548): Illuminate\\Database\\Connection->affectingStatement('delete from `ca...', Array)
#3 C:\\Users\\Windows 10 Pro\\Documents\\work\\New folder\\SIMA\\vendor\\laravel\\framework\\src\\Illuminate\\Database\\Query\\Builder.php(4017): Illuminate\\Database\\Connection->delete('delete from `ca...', Array)
#4 C:\\Users\\Windows 10 Pro\\Documents\\work\\New folder\\SIMA\\vendor\\laravel\\framework\\src\\Illuminate\\Cache\\DatabaseStore.php(414): Illuminate\\Database\\Query\\Builder->delete()
#5 C:\\Users\\Windows 10 Pro\\Documents\\work\\New folder\\SIMA\\vendor\\laravel\\framework\\src\\Illuminate\\Cache\\Repository.php(740): Illuminate\\Cache\\DatabaseStore->flush()
#6 C:\\Users\\Windows 10 Pro\\Documents\\work\\New folder\\SIMA\\vendor\\laravel\\framework\\src\\Illuminate\\Cache\\Console\\ClearCommand.php(69): Illuminate\\Cache\\Repository->__call('flush', Array)
#7 C:\\Users\\Windows 10 Pro\\Documents\\work\\New folder\\SIMA\\vendor\\laravel\\framework\\src\\Illuminate\\Container\\BoundMethod.php(36): Illuminate\\Cache\\Console\\ClearCommand->handle()
#8 C:\\Users\\Windows 10 Pro\\Documents\\work\\New folder\\SIMA\\vendor\\laravel\\framework\\src\\Illuminate\\Container\\Util.php(41): Illuminate\\Container\\BoundMethod::Illuminate\\Container\\{closure}()
#9 C:\\Users\\Windows 10 Pro\\Documents\\work\\New folder\\SIMA\\vendor\\laravel\\framework\\src\\Illuminate\\Container\\BoundMethod.php(93): Illuminate\\Container\\Util::unwrapIfClosure(Object(Closure))
#10 C:\\Users\\Windows 10 Pro\\Documents\\work\\New folder\\SIMA\\vendor\\laravel\\framework\\src\\Illuminate\\Container\\BoundMethod.php(35): Illuminate\\Container\\BoundMethod::callBoundMethod(Object(Illuminate\\Foundation\\Application), Array, Object(Closure))
#11 C:\\Users\\Windows 10 Pro\\Documents\\work\\New folder\\SIMA\\vendor\\laravel\\framework\\src\\Illuminate\\Container\\Container.php(690): Illuminate\\Container\\BoundMethod::call(Object(Illuminate\\Foundation\\Application), Array, Array, NULL)
#12 C:\\Users\\Windows 10 Pro\\Documents\\work\\New folder\\SIMA\\vendor\\laravel\\framework\\src\\Illuminate\\Console\\Command.php(213): Illuminate\\Container\\Container->call(Array)
#13 C:\\Users\\Windows 10 Pro\\Documents\\work\\New folder\\SIMA\\vendor\\symfony\\console\\Command\\Command.php(279): Illuminate\\Console\\Command->execute(Object(Symfony\\Component\\Console\\Input\\ArgvInput), Object(Illuminate\\Console\\OutputStyle))
#14 C:\\Users\\Windows 10 Pro\\Documents\\work\\New folder\\SIMA\\vendor\\laravel\\framework\\src\\Illuminate\\Console\\Command.php(182): Symfony\\Component\\Console\\Command\\Command->run(Object(Symfony\\Component\\Console\\Input\\ArgvInput), Object(Illuminate\\Console\\OutputStyle))
#15 C:\\Users\\Windows 10 Pro\\Documents\\work\\New folder\\SIMA\\vendor\\symfony\\console\\Application.php(1047): Illuminate\\Console\\Command->run(Object(Symfony\\Component\\Console\\Input\\ArgvInput), Object(Symfony\\Component\\Console\\Output\\ConsoleOutput))
#16 C:\\Users\\Windows 10 Pro\\Documents\\work\\New folder\\SIMA\\vendor\\symfony\\console\\Application.php(316): Symfony\\Component\\Console\\Application->doRunCommand(Object(Illuminate\\Cache\\Console\\ClearCommand), Object(Symfony\\Component\\Console\\Input\\ArgvInput), Object(Symfony\\Component\\Console\\Output\\ConsoleOutput))
#17 C:\\Users\\Windows 10 Pro\\Documents\\work\\New folder\\SIMA\\vendor\\symfony\\console\\Application.php(167): Symfony\\Component\\Console\\Application->doRun(Object(Symfony\\Component\\Console\\Input\\ArgvInput), Object(Symfony\\Component\\Console\\Output\\ConsoleOutput))
#18 C:\\Users\\Windows 10 Pro\\Documents\\work\\New folder\\SIMA\\vendor\\laravel\\framework\\src\\Illuminate\\Foundation\\Console\\Kernel.php(197): Symfony\\Component\\Console\\Application->run(Object(Symfony\\Component\\Console\\Input\\ArgvInput), Object(Symfony\\Component\\Console\\Output\\ConsoleOutput))
#19 C:\\Users\\Windows 10 Pro\\Documents\\work\\New folder\\SIMA\\vendor\\laravel\\framework\\src\\Illuminate\\Foundation\\Application.php(1203): Illuminate\\Foundation\\Console\\Kernel->handle(Object(Symfony\\Component\\Console\\Input\\ArgvInput), Object(Symfony\\Component\\Console\\Output\\ConsoleOutput))
#20 C:\\Users\\Windows 10 Pro\\Documents\\work\\New folder\\SIMA\\artisan(13): Illuminate\\Foundation\\Application->handleCommand(Object(Symfony\\Component\\Console\\Input\\ArgvInput))
#21 {main}

[previous exception] [object] (PDOException(code: 42S02): SQLSTATE[42S02]: Base table or view not found: 1146 Table 'u935546696_sima.cache' doesn't exist at C:\\Users\\Windows 10 Pro\\Documents\\work\\New folder\\SIMA\\vendor\\laravel\\framework\\src\\Illuminate\\Database\\Connection.php:592)
[stacktrace]
#0 C:\\Users\\Windows 10 Pro\\Documents\\work\\New folder\\SIMA\\vendor\\laravel\\framework\\src\\Illuminate\\Database\\Connection.php(592): PDO->prepare('delete from `ca...')
#1 C:\\Users\\Windows 10 Pro\\Documents\\work\\New folder\\SIMA\\vendor\\laravel\\framework\\src\\Illuminate\\Database\\Connection.php(800): Illuminate\\Database\\Connection->Illuminate\\Database\\{closure}('delete from `ca...', Array)
#2 C:\\Users\\Windows 10 Pro\\Documents\\work\\New folder\\SIMA\\vendor\\laravel\\framework\\src\\Illuminate\\Database\\Connection.php(767): Illuminate\\Database\\Connection->runQueryCallback('delete from `ca...', Array, Object(Closure))
#3 C:\\Users\\Windows 10 Pro\\Documents\\work\\New folder\\SIMA\\vendor\\laravel\\framework\\src\\Illuminate\\Database\\Connection.php(584): Illuminate\\Database\\Connection->run('delete from `ca...', Array, Object(Closure))
#4 C:\\Users\\Windows 10 Pro\\Documents\\work\\New folder\\SIMA\\vendor\\laravel\\framework\\src\\Illuminate\\Database\\Connection.php(548): Illuminate\\Database\\Connection->affectingStatement('delete from `ca...', Array)
#5 C:\\Users\\Windows 10 Pro\\Documents\\work\\New folder\\SIMA\\vendor\\laravel\\framework\\src\\Illuminate\\Database\\Query\\Builder.php(4017): Illuminate\\Database\\Connection->delete('delete from `ca...', Array)
#6 C:\\Users\\Windows 10 Pro\\Documents\\work\\New folder\\SIMA\\vendor\\laravel\\framework\\src\\Illuminate\\Cache\\DatabaseStore.php(414): Illuminate\\Database\\Query\\Builder->delete()
#7 C:\\Users\\Windows 10 Pro\\Documents\\work\\New folder\\SIMA\\vendor\\laravel\\framework\\src\\Illuminate\\Cache\\Repository.php(740): Illuminate\\Cache\\DatabaseStore->flush()
#8 C:\\Users\\Windows 10 Pro\\Documents\\work\\New folder\\SIMA\\vendor\\laravel\\framework\\src\\Illuminate\\Cache\\Console\\ClearCommand.php(69): Illuminate\\Cache\\Repository->__call('flush', Array)
#9 C:\\Users\\Windows 10 Pro\\Documents\\work\\New folder\\SIMA\\vendor\\laravel\\framework\\src\\Illuminate\\Container\\BoundMethod.php(36): Illuminate\\Cache\\Console\\ClearCommand->handle()
#10 C:\\Users\\Windows 10 Pro\\Documents\\work\\New folder\\SIMA\\vendor\\laravel\\framework\\src\\Illuminate\\Container\\Util.php(41): Illuminate\\Container\\BoundMethod::Illuminate\\Container\\{closure}()
#11 C:\\Users\\Windows 10 Pro\\Documents\\work\\New folder\\SIMA\\vendor\\laravel\\framework\\src\\Illuminate\\Container\\BoundMethod.php(93): Illuminate\\Container\\Util::unwrapIfClosure(Object(Closure))
#12 C:\\Users\\Windows 10 Pro\\Documents\\work\\New folder\\SIMA\\vendor\\laravel\\framework\\src\\Illuminate\\Container\\BoundMethod.php(35): Illuminate\\Container\\BoundMethod::callBoundMethod(Object(Illuminate\\Foundation\\Application), Array, Object(Closure))
#13 C:\\Users\\Windows 10 Pro\\Documents\\work\\New folder\\SIMA\\vendor\\laravel\\framework\\src\\Illuminate\\Container\\Container.php(690): Illuminate\\Container\\BoundMethod::call(Object(Illuminate\\Foundation\\Application), Array, Array, NULL)
#14 C:\\Users\\Windows 10 Pro\\Documents\\work\\New folder\\SIMA\\vendor\\laravel\\framework\\src\\Illuminate\\Console\\Command.php(213): Illuminate\\Container\\Container->call(Array)
#15 C:\\Users\\Windows 10 Pro\\Documents\\work\\New folder\\SIMA\\vendor\\symfony\\console\\Command\\Command.php(279): Illuminate\\Console\\Command->execute(Object(Symfony\\Component\\Console\\Input\\ArgvInput), Object(Illuminate\\Console\\OutputStyle))
#16 C:\\Users\\Windows 10 Pro\\Documents\\work\\New folder\\SIMA\\vendor\\laravel\\framework\\src\\Illuminate\\Console\\Command.php(182): Symfony\\Component\\Console\\Command\\Command->run(Object(Symfony\\Component\\Console\\Input\\ArgvInput), Object(Illuminate\\Console\\OutputStyle))
#17 C:\\Users\\Windows 10 Pro\\Documents\\work\\New folder\\SIMA\\vendor\\symfony\\console\\Application.php(1047): Illuminate\\Console\\Command->run(Object(Symfony\\Component\\Console\\Input\\ArgvInput), Object(Symfony\\Component\\Console\\Output\\ConsoleOutput))
#18 C:\\Users\\Windows 10 Pro\\Documents\\work\\New folder\\SIMA\\vendor\\symfony\\console\\Application.php(316): Symfony\\Component\\Console\\Application->doRunCommand(Object(Illuminate\\Cache\\Console\\ClearCommand), Object(Symfony\\Component\\Console\\Input\\ArgvInput), Object(Symfony\\Component\\Console\\Output\\ConsoleOutput))
#19 C:\\Users\\Windows 10 Pro\\Documents\\work\\New folder\\SIMA\\vendor\\symfony\\console\\Application.php(167): Symfony\\Component\\Console\\Application->doRun(Object(Symfony\\Component\\Console\\Input\\ArgvInput), Object(Symfony\\Component\\Console\\Output\\ConsoleOutput))
#20 C:\\Users\\Windows 10 Pro\\Documents\\work\\New folder\\SIMA\\vendor\\laravel\\framework\\src\\Illuminate\\Foundation\\Console\\Kernel.php(197): Symfony\\Component\\Console\\Application->run(Object(Symfony\\Component\\Console\\Input\\ArgvInput), Object(Symfony\\Component\\Console\\Output\\ConsoleOutput))
#21 C:\\Users\\Windows 10 Pro\\Documents\\work\\New folder\\SIMA\\vendor\\laravel\\framework\\src\\Illuminate\\Foundation\\Application.php(1203): Illuminate\\Foundation\\Console\\Kernel->handle(Object(Symfony\\Component\\Console\\Input\\ArgvInput), Object(Symfony\\Component\\Console\\Output\\ConsoleOutput))
#22 C:\\Users\\Windows 10 Pro\\Documents\\work\\New folder\\SIMA\\artisan(13): Illuminate\\Foundation\\Application->handleCommand(Object(Symfony\\Component\\Console\\Input\\ArgvInput))
#23 {main}
"} 
[2025-09-01 09:05:55] local.ERROR: Object of class App\Models\Sj could not be converted to int {"userId":1,"exception":"[object] (ErrorException(code: 0): Object of class App\\Models\\Sj could not be converted to int at C:\\Users\\Windows 10 Pro\\Documents\\work\\New folder\\SIMA\\app\\Http\\Controllers\\RekapGajiCrewController.php:185)
[stacktrace]
#0 C:\\Users\\Windows 10 Pro\\Documents\\work\\New folder\\SIMA\\vendor\\laravel\\framework\\src\\Illuminate\\Foundation\\Bootstrap\\HandleExceptions.php(256): Illuminate\\Foundation\\Bootstrap\\HandleExceptions->handleError(8, 'Object of class...', 'C:\\\\Users\\\\Window...', 185)
#1 C:\\Users\\Windows 10 Pro\\Documents\\work\\New folder\\SIMA\\app\\Http\\Controllers\\RekapGajiCrewController.php(185): Illuminate\\Foundation\\Bootstrap\\HandleExceptions->Illuminate\\Foundation\\Bootstrap\\{closure}(8, 'Object of class...', 'C:\\\\Users\\\\Window...', 185)
#2 C:\\Users\\Windows 10 Pro\\Documents\\work\\New folder\\SIMA\\vendor\\laravel\\framework\\src\\Illuminate\\Routing\\ControllerDispatcher.php(46): App\\Http\\Controllers\\RekapGajiCrewController->generate(Object(Illuminate\\Http\\Request))
#3 C:\\Users\\Windows 10 Pro\\Documents\\work\\New folder\\SIMA\\vendor\\laravel\\framework\\src\\Illuminate\\Routing\\Route.php(260): Illuminate\\Routing\\ControllerDispatcher->dispatch(Object(Illuminate\\Routing\\Route), Object(App\\Http\\Controllers\\RekapGajiCrewController), 'generate')
#4 C:\\Users\\Windows 10 Pro\\Documents\\work\\New folder\\SIMA\\vendor\\laravel\\framework\\src\\Illuminate\\Routing\\Route.php(206): Illuminate\\Routing\\Route->runController()
#5 C:\\Users\\Windows 10 Pro\\Documents\\work\\New folder\\SIMA\\vendor\\laravel\\framework\\src\\Illuminate\\Routing\\Router.php(808): Illuminate\\Routing\\Route->run()
#6 C:\\Users\\Windows 10 Pro\\Documents\\work\\New folder\\SIMA\\vendor\\laravel\\framework\\src\\Illuminate\\Pipeline\\Pipeline.php(144): Illuminate\\Routing\\Router->Illuminate\\Routing\\{closure}(Object(Illuminate\\Http\\Request))
#7 C:\\Users\\Windows 10 Pro\\Documents\\work\\New folder\\SIMA\\app\\Http\\Middleware\\isAdmin.php(22): Illuminate\\Pipeline\\Pipeline->Illuminate\\Pipeline\\{closure}(Object(Illuminate\\Http\\Request))
#8 C:\\Users\\Windows 10 Pro\\Documents\\work\\New folder\\SIMA\\vendor\\laravel\\framework\\src\\Illuminate\\Pipeline\\Pipeline.php(183): App\\Http\\Middleware\\isAdmin->handle(Object(Illuminate\\Http\\Request), Object(Closure))
#9 C:\\Users\\Windows 10 Pro\\Documents\\work\\New folder\\SIMA\\vendor\\laravel\\framework\\src\\Illuminate\\Routing\\Middleware\\SubstituteBindings.php(50): Illuminate\\Pipeline\\Pipeline->Illuminate\\Pipeline\\{closure}(Object(Illuminate\\Http\\Request))
#10 C:\\Users\\Windows 10 Pro\\Documents\\work\\New folder\\SIMA\\vendor\\laravel\\framework\\src\\Illuminate\\Pipeline\\Pipeline.php(183): Illuminate\\Routing\\Middleware\\SubstituteBindings->handle(Object(Illuminate\\Http\\Request), Object(Closure))
#11 C:\\Users\\Windows 10 Pro\\Documents\\work\\New folder\\SIMA\\vendor\\laravel\\framework\\src\\Illuminate\\Foundation\\Http\\Middleware\\VerifyCsrfToken.php(88): Illuminate\\Pipeline\\Pipeline->Illuminate\\Pipeline\\{closure}(Object(Illuminate\\Http\\Request))
#12 C:\\Users\\Windows 10 Pro\\Documents\\work\\New folder\\SIMA\\vendor\\laravel\\framework\\src\\Illuminate\\Pipeline\\Pipeline.php(183): Illuminate\\Foundation\\Http\\Middleware\\VerifyCsrfToken->handle(Object(Illuminate\\Http\\Request), Object(Closure))
#13 C:\\Users\\Windows 10 Pro\\Documents\\work\\New folder\\SIMA\\vendor\\laravel\\framework\\src\\Illuminate\\View\\Middleware\\ShareErrorsFromSession.php(49): Illuminate\\Pipeline\\Pipeline->Illuminate\\Pipeline\\{closure}(Object(Illuminate\\Http\\Request))
#14 C:\\Users\\Windows 10 Pro\\Documents\\work\\New folder\\SIMA\\vendor\\laravel\\framework\\src\\Illuminate\\Pipeline\\Pipeline.php(183): Illuminate\\View\\Middleware\\ShareErrorsFromSession->handle(Object(Illuminate\\Http\\Request), Object(Closure))
#15 C:\\Users\\Windows 10 Pro\\Documents\\work\\New folder\\SIMA\\vendor\\laravel\\framework\\src\\Illuminate\\Session\\Middleware\\StartSession.php(121): Illuminate\\Pipeline\\Pipeline->Illuminate\\Pipeline\\{closure}(Object(Illuminate\\Http\\Request))
#16 C:\\Users\\Windows 10 Pro\\Documents\\work\\New folder\\SIMA\\vendor\\laravel\\framework\\src\\Illuminate\\Session\\Middleware\\StartSession.php(64): Illuminate\\Session\\Middleware\\StartSession->handleStatefulRequest(Object(Illuminate\\Http\\Request), Object(Illuminate\\Session\\Store), Object(Closure))
#17 C:\\Users\\Windows 10 Pro\\Documents\\work\\New folder\\SIMA\\vendor\\laravel\\framework\\src\\Illuminate\\Pipeline\\Pipeline.php(183): Illuminate\\Session\\Middleware\\StartSession->handle(Object(Illuminate\\Http\\Request), Object(Closure))
#18 C:\\Users\\Windows 10 Pro\\Documents\\work\\New folder\\SIMA\\vendor\\laravel\\framework\\src\\Illuminate\\Cookie\\Middleware\\AddQueuedCookiesToResponse.php(37): Illuminate\\Pipeline\\Pipeline->Illuminate\\Pipeline\\{closure}(Object(Illuminate\\Http\\Request))
#19 C:\\Users\\Windows 10 Pro\\Documents\\work\\New folder\\SIMA\\vendor\\laravel\\framework\\src\\Illuminate\\Pipeline\\Pipeline.php(183): Illuminate\\Cookie\\Middleware\\AddQueuedCookiesToResponse->handle(Object(Illuminate\\Http\\Request), Object(Closure))
#20 C:\\Users\\Windows 10 Pro\\Documents\\work\\New folder\\SIMA\\vendor\\laravel\\framework\\src\\Illuminate\\Cookie\\Middleware\\EncryptCookies.php(75): Illuminate\\Pipeline\\Pipeline->Illuminate\\Pipeline\\{closure}(Object(Illuminate\\Http\\Request))
#21 C:\\Users\\Windows 10 Pro\\Documents\\work\\New folder\\SIMA\\vendor\\laravel\\framework\\src\\Illuminate\\Pipeline\\Pipeline.php(183): Illuminate\\Cookie\\Middleware\\EncryptCookies->handle(Object(Illuminate\\Http\\Request), Object(Closure))
#22 C:\\Users\\Windows 10 Pro\\Documents\\work\\New folder\\SIMA\\vendor\\laravel\\framework\\src\\Illuminate\\Pipeline\\Pipeline.php(119): Illuminate\\Pipeline\\Pipeline->Illuminate\\Pipeline\\{closure}(Object(Illuminate\\Http\\Request))
#23 C:\\Users\\Windows 10 Pro\\Documents\\work\\New folder\\SIMA\\vendor\\laravel\\framework\\src\\Illuminate\\Routing\\Router.php(807): Illuminate\\Pipeline\\Pipeline->then(Object(Closure))
#24 C:\\Users\\Windows 10 Pro\\Documents\\work\\New folder\\SIMA\\vendor\\laravel\\framework\\src\\Illuminate\\Routing\\Router.php(786): Illuminate\\Routing\\Router->runRouteWithinStack(Object(Illuminate\\Routing\\Route), Object(Illuminate\\Http\\Request))
#25 C:\\Users\\Windows 10 Pro\\Documents\\work\\New folder\\SIMA\\vendor\\laravel\\framework\\src\\Illuminate\\Routing\\Router.php(750): Illuminate\\Routing\\Router->runRoute(Object(Illuminate\\Http\\Request), Object(Illuminate\\Routing\\Route))
#26 C:\\Users\\Windows 10 Pro\\Documents\\work\\New folder\\SIMA\\vendor\\laravel\\framework\\src\\Illuminate\\Routing\\Router.php(739): Illuminate\\Routing\\Router->dispatchToRoute(Object(Illuminate\\Http\\Request))
#27 C:\\Users\\Windows 10 Pro\\Documents\\work\\New folder\\SIMA\\vendor\\laravel\\framework\\src\\Illuminate\\Foundation\\Http\\Kernel.php(201): Illuminate\\Routing\\Router->dispatch(Object(Illuminate\\Http\\Request))
#28 C:\\Users\\Windows 10 Pro\\Documents\\work\\New folder\\SIMA\\vendor\\laravel\\framework\\src\\Illuminate\\Pipeline\\Pipeline.php(144): Illuminate\\Foundation\\Http\\Kernel->Illuminate\\Foundation\\Http\\{closure}(Object(Illuminate\\Http\\Request))
#29 C:\\Users\\Windows 10 Pro\\Documents\\work\\New folder\\SIMA\\vendor\\laravel\\framework\\src\\Illuminate\\Foundation\\Http\\Middleware\\TransformsRequest.php(21): Illuminate\\Pipeline\\Pipeline->Illuminate\\Pipeline\\{closure}(Object(Illuminate\\Http\\Request))
#30 C:\\Users\\Windows 10 Pro\\Documents\\work\\New folder\\SIMA\\vendor\\laravel\\framework\\src\\Illuminate\\Foundation\\Http\\Middleware\\ConvertEmptyStringsToNull.php(31): Illuminate\\Foundation\\Http\\Middleware\\TransformsRequest->handle(Object(Illuminate\\Http\\Request), Object(Closure))
#31 C:\\Users\\Windows 10 Pro\\Documents\\work\\New folder\\SIMA\\vendor\\laravel\\framework\\src\\Illuminate\\Pipeline\\Pipeline.php(183): Illuminate\\Foundation\\Http\\Middleware\\ConvertEmptyStringsToNull->handle(Object(Illuminate\\Http\\Request), Object(Closure))
#32 C:\\Users\\Windows 10 Pro\\Documents\\work\\New folder\\SIMA\\vendor\\laravel\\framework\\src\\Illuminate\\Foundation\\Http\\Middleware\\TransformsRequest.php(21): Illuminate\\Pipeline\\Pipeline->Illuminate\\Pipeline\\{closure}(Object(Illuminate\\Http\\Request))
#33 C:\\Users\\Windows 10 Pro\\Documents\\work\\New folder\\SIMA\\vendor\\laravel\\framework\\src\\Illuminate\\Foundation\\Http\\Middleware\\TrimStrings.php(51): Illuminate\\Foundation\\Http\\Middleware\\TransformsRequest->handle(Object(Illuminate\\Http\\Request), Object(Closure))
#34 C:\\Users\\Windows 10 Pro\\Documents\\work\\New folder\\SIMA\\vendor\\laravel\\framework\\src\\Illuminate\\Pipeline\\Pipeline.php(183): Illuminate\\Foundation\\Http\\Middleware\\TrimStrings->handle(Object(Illuminate\\Http\\Request), Object(Closure))
#35 C:\\Users\\Windows 10 Pro\\Documents\\work\\New folder\\SIMA\\vendor\\laravel\\framework\\src\\Illuminate\\Http\\Middleware\\ValidatePostSize.php(27): Illuminate\\Pipeline\\Pipeline->Illuminate\\Pipeline\\{closure}(Object(Illuminate\\Http\\Request))
#36 C:\\Users\\Windows 10 Pro\\Documents\\work\\New folder\\SIMA\\vendor\\laravel\\framework\\src\\Illuminate\\Pipeline\\Pipeline.php(183): Illuminate\\Http\\Middleware\\ValidatePostSize->handle(Object(Illuminate\\Http\\Request), Object(Closure))
#37 C:\\Users\\Windows 10 Pro\\Documents\\work\\New folder\\SIMA\\vendor\\laravel\\framework\\src\\Illuminate\\Foundation\\Http\\Middleware\\PreventRequestsDuringMaintenance.php(110): Illuminate\\Pipeline\\Pipeline->Illuminate\\Pipeline\\{closure}(Object(Illuminate\\Http\\Request))
#38 C:\\Users\\Windows 10 Pro\\Documents\\work\\New folder\\SIMA\\vendor\\laravel\\framework\\src\\Illuminate\\Pipeline\\Pipeline.php(183): Illuminate\\Foundation\\Http\\Middleware\\PreventRequestsDuringMaintenance->handle(Object(Illuminate\\Http\\Request), Object(Closure))
#39 C:\\Users\\Windows 10 Pro\\Documents\\work\\New folder\\SIMA\\vendor\\laravel\\framework\\src\\Illuminate\\Http\\Middleware\\HandleCors.php(49): Illuminate\\Pipeline\\Pipeline->Illuminate\\Pipeline\\{closure}(Object(Illuminate\\Http\\Request))
#40 C:\\Users\\Windows 10 Pro\\Documents\\work\\New folder\\SIMA\\vendor\\laravel\\framework\\src\\Illuminate\\Pipeline\\Pipeline.php(183): Illuminate\\Http\\Middleware\\HandleCors->handle(Object(Illuminate\\Http\\Request), Object(Closure))
#41 C:\\Users\\Windows 10 Pro\\Documents\\work\\New folder\\SIMA\\vendor\\laravel\\framework\\src\\Illuminate\\Http\\Middleware\\TrustProxies.php(57): Illuminate\\Pipeline\\Pipeline->Illuminate\\Pipeline\\{closure}(Object(Illuminate\\Http\\Request))
#42 C:\\Users\\Windows 10 Pro\\Documents\\work\\New folder\\SIMA\\vendor\\laravel\\framework\\src\\Illuminate\\Pipeline\\Pipeline.php(183): Illuminate\\Http\\Middleware\\TrustProxies->handle(Object(Illuminate\\Http\\Request), Object(Closure))
#43 C:\\Users\\Windows 10 Pro\\Documents\\work\\New folder\\SIMA\\vendor\\laravel\\framework\\src\\Illuminate\\Pipeline\\Pipeline.php(119): Illuminate\\Pipeline\\Pipeline->Illuminate\\Pipeline\\{closure}(Object(Illuminate\\Http\\Request))
#44 C:\\Users\\Windows 10 Pro\\Documents\\work\\New folder\\SIMA\\vendor\\laravel\\framework\\src\\Illuminate\\Foundation\\Http\\Kernel.php(176): Illuminate\\Pipeline\\Pipeline->then(Object(Closure))
#45 C:\\Users\\Windows 10 Pro\\Documents\\work\\New folder\\SIMA\\vendor\\laravel\\framework\\src\\Illuminate\\Foundation\\Http\\Kernel.php(145): Illuminate\\Foundation\\Http\\Kernel->sendRequestThroughRouter(Object(Illuminate\\Http\\Request))
#46 C:\\Users\\Windows 10 Pro\\Documents\\work\\New folder\\SIMA\\vendor\\laravel\\framework\\src\\Illuminate\\Foundation\\Application.php(1188): Illuminate\\Foundation\\Http\\Kernel->handle(Object(Illuminate\\Http\\Request))
#47 C:\\Users\\Windows 10 Pro\\Documents\\work\\New folder\\SIMA\\public\\index.php(17): Illuminate\\Foundation\\Application->handleRequest(Object(Illuminate\\Http\\Request))
#48 C:\\Users\\Windows 10 Pro\\Documents\\work\\New folder\\SIMA\\vendor\\laravel\\framework\\src\\Illuminate\\Foundation\\resources\\server.php(23): require_once('C:\\\\Users\\\\Window...')
#49 {main}
"} 
